#
# A fatal error has been detected by the Java Runtime Environment:
#
#  Internal Error (javaClasses.cpp:136), pid=7264, tid=5460
#  fatal error: Invalid layout of preloaded class
#
# JRE version:  (7.0_45-b18) (build )
# Java VM: Java HotSpot(TM) Client VM (24.45-b08 mixed mode windows-x86 )
# Failed to write core dump. Minidumps are not enabled by default on client versions of Windows
#
# If you would like to submit a bug report, please visit:
#   http://bugreport.sun.com/bugreport/crash.jsp
#

---------------  T H R E A D  ---------------

Current thread (0x00bfbc00):  JavaThread "Unknown thread" [_thread_in_vm, id=5460, stack(0x008f0000,0x00940000)]

Stack: [0x008f0000,0x00940000],  sp=0x0093f7a4,  free space=317k
Native frames: (J=compiled Java code, j=interpreted, Vv=VM code, C=native code)
V  [jvm.dll+0x18df51]
V  [jvm.dll+0x187cc6]
V  [jvm.dll+0x3586a]
V  [jvm.dll+0x358f6]
V  [jvm.dll+0x4400d]
V  [jvm.dll+0x442be]
V  [jvm.dll+0x9263a]
V  [jvm.dll+0x929eb]
V  [jvm.dll+0x13daf1]
V  [jvm.dll+0x1605fc]
V  [jvm.dll+0xc8ebf]
C  [javaw.exe+0x13ce]
C  [javaw.exe+0x1e40]
C  [javaw.exe+0xa5b1]
C  [javaw.exe+0xa63b]
C  [KERNEL32.DLL+0x1495d]
C  [ntdll.dll+0x498ee]
C  [ntdll.dll+0x498c4]


---------------  P R O C E S S  ---------------

Java Threads: ( => current thread )

Other Threads:

=>0x00bfbc00 (exited) JavaThread "Unknown thread" [_thread_in_vm, id=5460, stack(0x008f0000,0x00940000)]

VM state:not at safepoint (not fully initialized)

VM Mutex/Monitor currently owned by a thread: None

GC Heap History (0 events):
No events

Deoptimization events (0 events):
No events

Internal exceptions (0 events):
No events

Events (10 events):
Event: 0.020 loading class 0x0095af08 done
Event: 0.020 loading class 0x0095a998 done
Event: 0.020 loading class 0x0095a978
Event: 0.021 loading class 0x00961ca0
Event: 0.021 loading class 0x00961ca0 done
Event: 0.021 loading class 0x00961cd0
Event: 0.021 loading class 0x00961cd0 done
Event: 0.021 loading class 0x00961d00
Event: 0.021 loading class 0x00961d00 done
Event: 0.021 loading class 0x0095a978 done


Dynamic libraries:
0x00f20000 - 0x00f4f000 	C:\Program Files (x86)\Java\jre7\bin\javaw.exe
0x777a0000 - 0x77908000 	C:\WINDOWS\SYSTEM32\ntdll.dll
0x75bb0000 - 0x75cf0000 	C:\WINDOWS\SYSTEM32\KERNEL32.DLL
0x755f0000 - 0x756bf000 	C:\WINDOWS\SYSTEM32\KERNELBASE.dll
0x73b00000 - 0x73b9a000 	C:\WINDOWS\system32\apphelp.dll
0x66880000 - 0x66ad2000 	C:\WINDOWS\AppPatch\AcGenral.DLL
0x75300000 - 0x753be000 	C:\WINDOWS\SYSTEM32\msvcrt.dll
0x77690000 - 0x776ce000 	C:\WINDOWS\SYSTEM32\sechost.dll
0x751d0000 - 0x751ed000 	C:\WINDOWS\SYSTEM32\SspiCli.dll
0x77390000 - 0x773d1000 	C:\WINDOWS\SYSTEM32\SHLWAPI.dll
0x74ed0000 - 0x74fac000 	C:\WINDOWS\SYSTEM32\UxTheme.dll
0x75a60000 - 0x75bb0000 	C:\WINDOWS\SYSTEM32\USER32.dll
0x75cf0000 - 0x75df8000 	C:\WINDOWS\SYSTEM32\GDI32.dll
0x74c30000 - 0x74c50000 	C:\WINDOWS\SYSTEM32\WINMM.dll
0x69680000 - 0x69692000 	C:\WINDOWS\SYSTEM32\samcli.dll
0x756c0000 - 0x757cb000 	C:\WINDOWS\SYSTEM32\ole32.dll
0x77300000 - 0x77387000 	C:\WINDOWS\SYSTEM32\OLEAUT32.dll
0x73170000 - 0x73185000 	C:\WINDOWS\SYSTEM32\MSACM32.dll
0x75010000 - 0x75018000 	C:\WINDOWS\SYSTEM32\VERSION.dll
0x76130000 - 0x772d3000 	C:\WINDOWS\SYSTEM32\SHELL32.dll
0x74b00000 - 0x74b19000 	C:\WINDOWS\SYSTEM32\USERENV.dll
0x74eb0000 - 0x74ec9000 	C:\WINDOWS\SYSTEM32\dwmapi.dll
0x73c20000 - 0x73d41000 	C:\WINDOWS\SYSTEM32\urlmon.dll
0x753f0000 - 0x75467000 	C:\WINDOWS\SYSTEM32\ADVAPI32.dll
0x73ef0000 - 0x73f4e000 	C:\WINDOWS\SYSTEM32\WINSPOOL.DRV
0x74d90000 - 0x74da4000 	C:\WINDOWS\SYSTEM32\MPR.dll
0x75ec0000 - 0x75f71000 	C:\WINDOWS\SYSTEM32\RPCRT4.dll
0x751c0000 - 0x751c9000 	C:\WINDOWS\SYSTEM32\CRYPTBASE.dll
0x773e0000 - 0x7752e000 	C:\WINDOWS\SYSTEM32\combase.dll
0x74c10000 - 0x74c30000 	C:\WINDOWS\SYSTEM32\WINMMBASE.dll
0x74b60000 - 0x74b6e000 	C:\WINDOWS\SYSTEM32\profapi.dll
0x74330000 - 0x74545000 	C:\WINDOWS\SYSTEM32\iertutil.dll
0x747d0000 - 0x74994000 	C:\WINDOWS\SYSTEM32\WININET.dll
0x75160000 - 0x751b1000 	C:\WINDOWS\SYSTEM32\bcryptPrimitives.dll
0x77530000 - 0x7756a000 	C:\WINDOWS\SYSTEM32\cfgmgr32.dll
0x74bf0000 - 0x74c0f000 	C:\WINDOWS\SYSTEM32\DEVOBJ.dll
0x74b70000 - 0x74be7000 	C:\WINDOWS\SYSTEM32\SHCORE.DLL
0x75e00000 - 0x75e25000 	C:\WINDOWS\system32\IMM32.DLL
0x751f0000 - 0x752e7000 	C:\WINDOWS\SYSTEM32\MSCTF.dll
0x73f50000 - 0x74135000 	C:\WINDOWS\WinSxS\x86_microsoft.windows.common-controls_6595b64144ccf1df_6.0.9600.16384_none_a9f4965301334e09\COMCTL32.dll
0x62ed0000 - 0x62f8f000 	C:\Program Files (x86)\Java\jre7\bin\msvcr100.dll
0x67290000 - 0x67610000 	C:\Program Files (x86)\Java\jre7\bin\client\jvm.dll
0x74c50000 - 0x74c58000 	C:\WINDOWS\SYSTEM32\WSOCK32.dll
0x77600000 - 0x77606000 	C:\WINDOWS\SYSTEM32\PSAPI.DLL
0x75920000 - 0x7596d000 	C:\WINDOWS\SYSTEM32\WS2_32.dll
0x753c0000 - 0x753c7000 	C:\WINDOWS\SYSTEM32\NSI.dll
0x693d0000 - 0x693dc000 	C:\Program Files (x86)\Java\jre7\bin\verify.dll
0x693b0000 - 0x693d0000 	C:\Program Files (x86)\Java\jre7\bin\java.dll
0x69280000 - 0x69293000 	C:\Program Files (x86)\Java\jre7\bin\zip.dll
0x69530000 - 0x69678000 	C:\WINDOWS\SYSTEM32\dbghelp.dll

VM Arguments:
jvm_args: -Dfile.encoding=Cp1252 -Xbootclasspath:F:\Farhan\Study\IDEs and Tools\android\adt-bundle-windows-x86-20131030\sdk\platforms\android-19\android.jar 
java_command: com.example.booklocator.EditDistance
Launcher Type: SUN_STANDARD

Environment Variables:
JAVA_HOME=C:\Program Files\Java\jdk1.7.0_40
PATH=C:/Program Files (x86)/Java/jre7/bin/client;C:/Program Files (x86)/Java/jre7/bin;C:/Program Files (x86)/Java/jre7/lib/i386;C:\Program Files (x86)\JavaFX\javafx-sdk1.2\bin;C:\Program Files (x86)\JavaFX\javafx-sdk1.2\emulator\bin;C:\WINDOWS\system32;C:\WINDOWS;C:\WINDOWS\System32\Wbem;C:\WINDOWS\System32\WindowsPowerShell\v1.0\;C:\Program Files\TortoiseHg\;C:\Program Files\Microsoft\Web Platform Installer\;C:\Program Files (x86)\Microsoft ASP.NET\ASP.NET Web Pages\v1.0\;C:\Program Files (x86)\Windows Kits\8.0\Windows Performance Toolkit\;C:\Program Files\Microsoft SQL Server\110\Tools\Binn\;MAVEN_HOME\bin;C:\Program Files\TortoiseGit\bin;F:\Farhan\Study\IDEs and Tools\android\adt-bundle-windows-x86-20131030\eclipse;
USERNAME=Farhan
OS=Windows_NT
PROCESSOR_IDENTIFIER=Intel64 Family 6 Model 23 Stepping 10, GenuineIntel



---------------  S Y S T E M  ---------------

OS: Windows 8 , 64 bit Build 9200 

CPU:total 2 (2 cores per cpu, 1 threads per core) family 6 model 23 stepping 10, cmov, cx8, fxsr, mmx, sse, sse2, sse3, ssse3, tsc

Memory: 4k page, physical 4125192k(1171780k free), swap 8319496k(4450620k free)

vm_info: Java HotSpot(TM) Client VM (24.45-b08) for windows-x86 JRE (1.7.0_45-b18), built on Oct  8 2013 06:02:43 by "java_re" with unknown MS VC++:1600

time: Mon Jan 20 22:23:33 2014
elapsed time: 0 seconds

